# JRE version: Java(TM) SE Runtime Environment (17.0.3.1+2) (build 17.0.3.1+2-LTS-6)
# Java VM: Java HotSpot(TM) 64-Bit Server VM (17.0.3.1+2-LTS-6, mixed mode, emulated-client, sharing, tiered, compressed oops, compressed class ptrs, g1 gc, windows-amd64)
GC Precious Log:
 CPUs: 12 total, 12 available
 Memory: 15823M
 Large Page Support: Disabled
 NUMA Support: Disabled
 Compressed Oops: Enabled (Zero based)
 Heap Region Size: 2M
 Heap Min Capacity: 8M
 Heap Initial Capacity: 248M
 Heap Max Capacity: 3956M
 Pre-touch: Disabled
 Parallel Workers: 10
 Concurrent Workers: 3
 Concurrent Refinement Workers: 10
 Periodic GC: Disabled
Heap:
 garbage-first heap   total 116736K, used 48003K [0x0000000708c00000, 0x0000000800000000)
  region size 2048K, 1 young (2048K), 1 survivors (2048K)
 Metaspace       used 78084K, committed 80320K, reserved 1122304K
  class space    used 10268K, committed 10944K, reserved 1048576K
GC Heap History (20 events):
Event: 320950.744 GC heap after
{Heap after GC invocations=14881 (full 89):
 garbage-first heap   total 116736K, used 56791K [0x0000000708c00000, 0x0000000800000000)
  region size 2048K, 2 young (4096K), 2 survivors (4096K)
 Metaspace       used 78842K, committed 79872K, reserved 1122304K
  class space    used 10361K, committed 10944K, reserved 1048576K
}
Event: 320952.047 GC heap before
{Heap before GC invocations=14881 (full 89):
 garbage-first heap   total 116736K, used 89559K [0x0000000708c00000, 0x0000000800000000)
  region size 2048K, 18 young (36864K), 2 survivors (4096K)
 Metaspace       used 78849K, committed 79872K, reserved 1122304K
  class space    used 10362K, committed 10944K, reserved 1048576K
}
Event: 320952.051 GC heap after
{Heap after GC invocations=14882 (full 89):
 garbage-first heap   total 116736K, used 57456K [0x0000000708c00000, 0x0000000800000000)
  region size 2048K, 2 young (4096K), 2 survivors (4096K)
 Metaspace       used 78849K, committed 79872K, reserved 1122304K
  class space    used 10362K, committed 10944K, reserved 1048576K
}
Event: 320954.732 GC heap before
{Heap before GC invocations=14882 (full 89):
 garbage-first heap   total 116736K, used 90224K [0x0000000708c00000, 0x0000000800000000)
  region size 2048K, 18 young (36864K), 2 survivors (4096K)
 Metaspace       used 78862K, committed 79872K, reserved 1122304K
  class space    used 10363K, committed 10944K, reserved 1048576K
}
Event: 320954.737 GC heap after
{Heap after GC invocations=14883 (full 89):
 garbage-first heap   total 116736K, used 57905K [0x0000000708c00000, 0x0000000800000000)
  region size 2048K, 2 young (4096K), 2 survivors (4096K)
 Metaspace       used 78862K, committed 79872K, reserved 1122304K
  class space    used 10363K, committed 10944K, reserved 1048576K
}
Event: 320955.051 GC heap before
{Heap before GC invocations=14883 (full 89):
 garbage-first heap   total 116736K, used 88625K [0x0000000708c00000, 0x0000000800000000)
  region size 2048K, 18 young (36864K), 2 survivors (4096K)
 Metaspace       used 79077K, committed 80064K, reserved 1122304K
  class space    used 10384K, committed 10944K, reserved 1048576K
}
Event: 320955.054 GC heap after
{Heap after GC invocations=14884 (full 89):
 garbage-first heap   total 116736K, used 58817K [0x0000000708c00000, 0x0000000800000000)
  region size 2048K, 2 young (4096K), 2 survivors (4096K)
 Metaspace       used 79077K, committed 80064K, reserved 1122304K
  class space    used 10384K, committed 10944K, reserved 1048576K
}
Event: 320955.127 GC heap before
{Heap before GC invocations=14884 (full 89):
 garbage-first heap   total 116736K, used 89537K [0x0000000708c00000, 0x0000000800000000)
  region size 2048K, 18 young (36864K), 2 survivors (4096K)
 Metaspace       used 79077K, committed 80064K, reserved 1122304K
  class space    used 10384K, committed 10944K, reserved 1048576K
}
Event: 320955.130 GC heap after
{Heap after GC invocations=14885 (full 89):
 garbage-first heap   total 116736K, used 58905K [0x0000000708c00000, 0x0000000800000000)
  region size 2048K, 2 young (4096K), 2 survivors (4096K)
 Metaspace       used 79077K, committed 80064K, reserved 1122304K
  class space    used 10384K, committed 10944K, reserved 1048576K
}
Event: 320955.535 GC heap before
{Heap before GC invocations=14885 (full 89):
 garbage-first heap   total 116736K, used 89625K [0x0000000708c00000, 0x0000000800000000)
  region size 2048K, 18 young (36864K), 2 survivors (4096K)
 Metaspace       used 79201K, committed 80192K, reserved 1122304K
  class space    used 10394K, committed 10944K, reserved 1048576K
}
Event: 320955.540 GC heap after
{Heap after GC invocations=14886 (full 89):
 garbage-first heap   total 116736K, used 60741K [0x0000000708c00000, 0x0000000800000000)
  region size 2048K, 3 young (6144K), 3 survivors (6144K)
 Metaspace       used 79201K, committed 80192K, reserved 1122304K
  class space    used 10394K, committed 10944K, reserved 1048576K
}
Event: 320957.051 GC heap before
{Heap before GC invocations=14886 (full 89):
 garbage-first heap   total 116736K, used 89413K [0x0000000708c00000, 0x0000000800000000)
  region size 2048K, 18 young (36864K), 3 survivors (6144K)
 Metaspace       used 79279K, committed 80256K, reserved 1122304K
  class space    used 10400K, committed 10944K, reserved 1048576K
}
Event: 320957.058 GC heap after
{Heap after GC invocations=14887 (full 89):
 garbage-first heap   total 116736K, used 62577K [0x0000000708c00000, 0x0000000800000000)
  region size 2048K, 3 young (6144K), 3 survivors (6144K)
 Metaspace       used 79279K, committed 80256K, reserved 1122304K
  class space    used 10400K, committed 10944K, reserved 1048576K
}
Event: 320957.705 GC heap before
{Heap before GC invocations=14887 (full 89):
 garbage-first heap   total 116736K, used 87153K [0x0000000708c00000, 0x0000000800000000)
  region size 2048K, 16 young (32768K), 3 survivors (6144K)
 Metaspace       used 79330K, committed 80320K, reserved 1122304K
  class space    used 10402K, committed 10944K, reserved 1048576K
}
Event: 320957.712 GC heap after
{Heap after GC invocations=14888 (full 89):
 garbage-first heap   total 116736K, used 63418K [0x0000000708c00000, 0x0000000800000000)
  region size 2048K, 2 young (4096K), 2 survivors (4096K)
 Metaspace       used 79330K, committed 80320K, reserved 1122304K
  class space    used 10402K, committed 10944K, reserved 1048576K
}
Event: 320958.808 GC heap before
{Heap before GC invocations=14889 (full 89):
 garbage-first heap   total 116736K, used 86935K [0x0000000708c00000, 0x0000000800000000)
  region size 2048K, 15 young (30720K), 2 survivors (4096K)
 Metaspace       used 78084K, committed 80320K, reserved 1122304K
  class space    used 10268K, committed 10944K, reserved 1048576K
}
Event: 320958.811 GC heap after
{Heap after GC invocations=14890 (full 89):
 garbage-first heap   total 116736K, used 63263K [0x0000000708c00000, 0x0000000800000000)
  region size 2048K, 2 young (4096K), 2 survivors (4096K)
 Metaspace       used 78084K, committed 80320K, reserved 1122304K
  class space    used 10268K, committed 10944K, reserved 1048576K
}
Event: 320959.057 GC heap before
{Heap before GC invocations=14890 (full 89):
 garbage-first heap   total 116736K, used 65311K [0x0000000708c00000, 0x0000000800000000)
  region size 2048K, 3 young (6144K), 2 survivors (4096K)
 Metaspace       used 78084K, committed 80320K, reserved 1122304K
  class space    used 10268K, committed 10944K, reserved 1048576K
}
Event: 320959.061 GC heap after
{Heap after GC invocations=14891 (full 89):
 garbage-first heap   total 116736K, used 52858K [0x0000000708c00000, 0x0000000800000000)
  region size 2048K, 1 young (2048K), 1 survivors (2048K)
 Metaspace       used 78084K, committed 80320K, reserved 1122304K
  class space    used 10268K, committed 10944K, reserved 1048576K
}
Event: 320959.280 GC heap before
{Heap before GC invocations=14891 (full 89):
 garbage-first heap   total 116736K, used 54906K [0x0000000708c00000, 0x0000000800000000)
  region size 2048K, 2 young (4096K), 1 survivors (2048K)
 Metaspace       used 78084K, committed 80320K, reserved 1122304K
  class space    used 10268K, committed 10944K, reserved 1048576K
}

